<?xml version="1.0" encoding="UTF-8"?>
<testsuite name="ohtu.lyyrakortti.KassapaateTest" tests="4" skipped="0" failures="0" errors="0" timestamp="2017-04-22T14:45:59" hostname="dhcp-asv-102" time="0.391">
  <properties/>
  <testcase name="kortiltaVelotetaanHintaJosRahaaOn" classname="ohtu.lyyrakortti.KassapaateTest" time="0.388"/>
  <testcase name="lataaLisaaPositiivisenSumman" classname="ohtu.lyyrakortti.KassapaateTest" time="0.001"/>
  <testcase name="lataaEiLisaaNegArvoa" classname="ohtu.lyyrakortti.KassapaateTest" time="0.0"/>
  <testcase name="kortiltaEiVelotetaJosRahaEiRiita" classname="ohtu.lyyrakortti.KassapaateTest" time="0.001"/>
  <system-out><![CDATA[]]></system-out>
  <system-err><![CDATA[]]></system-err>
</testsuite>
